<?xml version="1.0" encoding="UTF-8"?>
<!-- Generated by org.testng.reporters.JUnitXMLReporter -->
<testsuite hostname="MFCHHNBK113" name="Default test" tests="2" failures="0" timestamp="17 Nov 2014 12:40:17 GMT" time="0.02" errors="0">
  <testcase name="testGetManifestEntries" time="0.01" classname="org.javasnippets.utils.mvn.ArtefactMetadataUtilsTest"/>
  <testcase name="testListMavenArtefactInfos" time="0.0" classname="org.javasnippets.utils.mvn.ArtefactMetadataUtilsTest"/>
</testsuite> <!-- Default test -->
